<?xml version="1.0" encoding="UTF-8" ?>
<testsuite errors="0" failures="0" hostname="Mr_NoBody" name="course.repository.message.MessageRepositoryseImplTest" skipped="0" tests="5" time="0.631" timestamp="2025-05-04T08:01:53">
  <properties>
[...]
</properties>
  <testcase classname="course.repository.message.MessageRepositoryseImplTest" name="testEditMessage" time="0.43" />
  <testcase classname="course.repository.message.MessageRepositoryseImplTest" name="testDeleteMessage" time="0.038" />
  <testcase classname="course.repository.message.MessageRepositoryseImplTest" name="testGetMessagesByCourseId" time="0.023" />
  <testcase classname="course.repository.message.MessageRepositoryseImplTest" name="testGetMessageByMessageId" time="0.029" />
  <testcase classname="course.repository.message.MessageRepositoryseImplTest" name="testCreateMessage" time="0.03" />
  <system-out><![CDATA[]]></system-out>
  <system-err><![CDATA[]]></system-err>
</testsuite>
